<?xml version="1.0" encoding="UTF-8"?>
<!-- Generated by org.testng.reporters.JUnitXMLReporter -->
<testsuite ignored="1" hostname="Vaibhav-Grover" failures="0" tests="3" name="Default test" time="53.5" errors="0" timestamp="2024-06-21T22:34:05 IST">
  <testcase classname="com.DemoWeb.test.HomePageTestCases" name="VerifyGettingThankMessageAfterSubscription" time="10.68"/>
  <testcase classname="com.DemoWeb.test.HomePageTestCases" name="VerifyGettingThankMessageAfterSubscription" time="9.472"/>
  <testcase classname="com.DemoWeb.test.HomePageTestCases" name="VerifyGettingThankMessageAfterSubscription" time="5.842"/>
  <testcase classname="com.DemoWeb.test.HomePageTestCases" name="VerifyUserIsAbleToViewTheValidationPostEnteringBlank" time="0.0">
    <ignored/>
  </testcase> <!-- VerifyUserIsAbleToViewTheValidationPostEnteringBlank -->
</testsuite> <!-- Default test -->
