<?xml version="1.0" encoding="UTF-8"?>
<!-- Generated by org.testng.reporters.JUnitXMLReporter -->
<testsuite ignored="2" hostname="Vaibhav-Grover" failures="0" tests="1" name="Default test" time="17.386" errors="0" timestamp="2024-06-17T16:24:58 IST">
  <testcase classname="com.DemoWeb.test.LoginTest" name="VerifyUserIsAbleToLoginAndViewTheLoginEmailPostLogin" time="3.794"/>
  <testcase classname="com.DemoWeb.test.LoginTest" name="VerifyValidationOnLogin" time="0.0">
    <ignored/>
  </testcase> <!-- VerifyValidationOnLogin -->
  <testcase classname="com.DemoWeb.test.LoginTest" name="login" time="0.0">
    <ignored/>
  </testcase> <!-- login -->
</testsuite> <!-- Default test -->
