<?xml version="1.0" encoding="UTF-8"?>
<testng-results ignored="0" total="1" passed="1" failed="0" skipped="0">
  <reporter-output>
  </reporter-output>
  <suite started-at="2024-06-17T16:24:41 IST" name="Default suite" finished-at="2024-06-17T16:24:58 IST" duration-ms="17386">
    <groups>
    </groups>
    <test started-at="2024-06-17T16:24:41 IST" name="Default test" finished-at="2024-06-17T16:24:58 IST" duration-ms="17386">
      <class name="com.DemoWeb.test.LoginTest">
        <test-method is-config="true" signature="initialiseDriver()[pri:0, instance:com.DemoWeb.test.LoginTest@7f3b84b8]" started-at="2024-06-17T16:24:41 IST" name="initialiseDriver" finished-at="2024-06-17T16:24:55 IST" duration-ms="13425" status="PASS">
          <reporter-output>
          </reporter-output>
        </test-method> <!-- initialiseDriver -->
        <test-method signature="VerifyUserIsAbleToLoginAndViewTheLoginEmailPostLogin()[pri:2, instance:com.DemoWeb.test.LoginTest@7f3b84b8]" started-at="2024-06-17T16:24:55 IST" name="VerifyUserIsAbleToLoginAndViewTheLoginEmailPostLogin" finished-at="2024-06-17T16:24:58 IST" duration-ms="3794" status="PASS">
          <reporter-output>
          </reporter-output>
        </test-method> <!-- VerifyUserIsAbleToLoginAndViewTheLoginEmailPostLogin -->
      </class> <!-- com.DemoWeb.test.LoginTest -->
    </test> <!-- Default test -->
  </suite> <!-- Default suite -->
</testng-results>
